# JRE version: Java(TM) SE Runtime Environment (7.0_71-b14) (build 1.7.0_71-b14)
# Java VM: Java HotSpot(TM) Client VM (24.71-b01 mixed mode windows-x86 )
Heap
 par new generation   total 39296K, used 33018K [0x04000000, 0x06aa0000, 0x06aa0000)
  eden space 34944K,  90% used [0x04000000, 0x05ec8148, 0x06220000)
  from space 4352K,  34% used [0x06660000, 0x067d6738, 0x06aa0000)
  to   space 4352K,   0% used [0x06220000, 0x06220000, 0x06660000)
 concurrent mark-sweep generation total 50848K, used 36738K [0x06aa0000, 0x09c48000, 0x0c000000)
 concurrent-mark-sweep perm gen total 65536K, used 45094K [0x0c000000, 0x10000000, 0x10000000)
GC Heap History (10 events):
Event: 10937.432 GC heap before
{Heap before GC invocations=92 (full 12):
 par new generation   total 39296K, used 39191K [0x04000000, 0x06aa0000, 0x06aa0000)
  eden space 34944K,  99% used [0x04000000, 0x06205c50, 0x06220000)
  from space 4352K, 100% used [0x06220000, 0x06660000, 0x06660000)
  to   space 4352K,   0% used [0x06660000, 0x06660000, 0x06aa0000)
 concurrent mark-sweep generation total 50848K, used 29093K [0x06aa0000, 0x09c48000, 0x0c000000)
 concurrent-mark-sweep perm gen total 65536K, used 44520K [0x0c000000, 0x10000000, 0x10000000)
Event: 10937.458 GC heap after
Heap after GC invocations=93 (full 12):
 par new generation   total 39296K, used 4352K [0x04000000, 0x06aa0000, 0x06aa0000)
  eden space 34944K,   0% used [0x04000000, 0x04000000, 0x06220000)
  from space 4352K, 100% used [0x06660000, 0x06aa0000, 0x06aa0000)
  to   space 4352K,   0% used [0x06220000, 0x06220000, 0x06660000)
 concurrent mark-sweep generation total 50848K, used 32758K [0x06aa0000, 0x09c48000, 0x0c000000)
 concurrent-mark-sweep perm gen total 65536K, used 44520K [0x0c000000, 0x10000000, 0x10000000)
}
Event: 10948.535 GC heap before
{Heap before GC invocations=93 (full 12):
 par new generation   total 39296K, used 39296K [0x04000000, 0x06aa0000, 0x06aa0000)
  eden space 34944K, 100% used [0x04000000, 0x06220000, 0x06220000)
  from space 4352K, 100% used [0x06660000, 0x06aa0000, 0x06aa0000)
  to   space 4352K,   0% used [0x06220000, 0x06220000, 0x06660000)
 concurrent mark-sweep generation total 50848K, used 32758K [0x06aa0000, 0x09c48000, 0x0c000000)
 concurrent-mark-sweep perm gen total 65536K, used 44544K [0x0c000000, 0x10000000, 0x10000000)
Event: 10948.549 GC heap after
Heap after GC invocations=94 (full 12):
 par new generation   total 39296K, used 4352K [0x04000000, 0x06aa0000, 0x06aa0000)
  eden space 34944K,   0% used [0x04000000, 0x04000000, 0x06220000)
  from space 4352K, 100% used [0x06220000, 0x06660000, 0x06660000)
  to   space 4352K,   0% used [0x06660000, 0x06660000, 0x06aa0000)
 concurrent mark-sweep generation total 50848K, used 33586K [0x06aa0000, 0x09c48000, 0x0c000000)
 concurrent-mark-sweep perm gen total 65536K, used 44544K [0x0c000000, 0x10000000, 0x10000000)
}
Event: 11009.091 GC heap before
{Heap before GC invocations=94 (full 12):
 par new generation   total 39296K, used 39296K [0x04000000, 0x06aa0000, 0x06aa0000)
  eden space 34944K, 100% used [0x04000000, 0x06220000, 0x06220000)
  from space 4352K, 100% used [0x06220000, 0x06660000, 0x06660000)
  to   space 4352K,   0% used [0x06660000, 0x06660000, 0x06aa0000)
 concurrent mark-sweep generation total 50848K, used 33586K [0x06aa0000, 0x09c48000, 0x0c000000)
 concurrent-mark-sweep perm gen total 65536K, used 44588K [0x0c000000, 0x10000000, 0x10000000)
Event: 11009.119 GC heap after
Heap after GC invocations=95 (full 12):
 par new generation   total 39296K, used 4352K [0x04000000, 0x06aa0000, 0x06aa0000)
  eden space 34944K,   0% used [0x04000000, 0x04000000, 0x06220000)
  from space 4352K, 100% used [0x06660000, 0x06aa0000, 0x06aa0000)
  to   space 4352K,   0% used [0x06220000, 0x06220000, 0x06660000)
 concurrent mark-sweep generation total 50848K, used 34129K [0x06aa0000, 0x09c48000, 0x0c000000)
 concurrent-mark-sweep perm gen total 65536K, used 44588K [0x0c000000, 0x10000000, 0x10000000)
}
Event: 11056.190 GC heap before
{Heap before GC invocations=95 (full 12):
 par new generation   total 39296K, used 39296K [0x04000000, 0x06aa0000, 0x06aa0000)
  eden space 34944K, 100% used [0x04000000, 0x06220000, 0x06220000)
  from space 4352K, 100% used [0x06660000, 0x06aa0000, 0x06aa0000)
  to   space 4352K,   0% used [0x06220000, 0x06220000, 0x06660000)
 concurrent mark-sweep generation total 50848K, used 34129K [0x06aa0000, 0x09c48000, 0x0c000000)
 concurrent-mark-sweep perm gen total 65536K, used 44588K [0x0c000000, 0x10000000, 0x10000000)
Event: 11056.221 GC heap after
Heap after GC invocations=96 (full 12):
 par new generation   total 39296K, used 3396K [0x04000000, 0x06aa0000, 0x06aa0000)
  eden space 34944K,   0% used [0x04000000, 0x04000000, 0x06220000)
  from space 4352K,  78% used [0x06220000, 0x06571300, 0x06660000)
  to   space 4352K,   0% used [0x06660000, 0x06660000, 0x06aa0000)
 concurrent mark-sweep generation total 50848K, used 36738K [0x06aa0000, 0x09c48000, 0x0c000000)
 concurrent-mark-sweep perm gen total 65536K, used 44588K [0x0c000000, 0x10000000, 0x10000000)
}
Event: 11110.409 GC heap before
{Heap before GC invocations=96 (full 12):
 par new generation   total 39296K, used 38340K [0x04000000, 0x06aa0000, 0x06aa0000)
  eden space 34944K, 100% used [0x04000000, 0x06220000, 0x06220000)
  from space 4352K,  78% used [0x06220000, 0x06571300, 0x06660000)
  to   space 4352K,   0% used [0x06660000, 0x06660000, 0x06aa0000)
 concurrent mark-sweep generation total 50848K, used 36738K [0x06aa0000, 0x09c48000, 0x0c000000)
 concurrent-mark-sweep perm gen total 65536K, used 44658K [0x0c000000, 0x10000000, 0x10000000)
Event: 11110.416 GC heap after
Heap after GC invocations=97 (full 12):
 par new generation   total 39296K, used 1497K [0x04000000, 0x06aa0000, 0x06aa0000)
  eden space 34944K,   0% used [0x04000000, 0x04000000, 0x06220000)
  from space 4352K,  34% used [0x06660000, 0x067d6738, 0x06aa0000)
  to   space 4352K,   0% used [0x06220000, 0x06220000, 0x06660000)
 concurrent mark-sweep generation total 50848K, used 36738K [0x06aa0000, 0x09c48000, 0x0c000000)
 concurrent-mark-sweep perm gen total 65536K, used 44658K [0x0c000000, 0x10000000, 0x10000000)
}

