# JRE version: Java(TM) SE Runtime Environment (7.0_71-b14) (build 1.7.0_71-b14)
# Java VM: Java HotSpot(TM) Client VM (24.71-b01 mixed mode windows-x86 )
Heap
 par new generation   total 39296K, used 11187K [0x03e00000, 0x068a0000, 0x068a0000)
  eden space 34944K,  21% used [0x03e00000, 0x04536558, 0x06020000)
  from space 4352K,  87% used [0x06460000, 0x06816780, 0x068a0000)
  to   space 4352K,   0% used [0x06020000, 0x06020000, 0x06460000)
 concurrent mark-sweep generation total 66668K, used 40925K [0x068a0000, 0x0a9bb000, 0x0be00000)
 concurrent-mark-sweep perm gen total 61864K, used 43377K [0x0be00000, 0x0fa6a000, 0x0fe00000)
GC Heap History (10 events):
Event: 62.125 GC heap before
{Heap before GC invocations=32 (full 7):
 par new generation   total 39296K, used 36499K [0x03e00000, 0x068a0000, 0x068a0000)
  eden space 34944K, 100% used [0x03e00000, 0x06020000, 0x06020000)
  from space 4352K,  35% used [0x06020000, 0x061a4ea0, 0x06460000)
  to   space 4352K,   0% used [0x06460000, 0x06460000, 0x068a0000)
 concurrent mark-sweep generation total 66668K, used 38624K [0x068a0000, 0x0a9bb000, 0x0be00000)
 concurrent-mark-sweep perm gen total 61864K, used 39468K [0x0be00000, 0x0fa6a000, 0x0fe00000)
Event: 62.142 GC heap after
Heap after GC invocations=33 (full 7):
 par new generation   total 39296K, used 2453K [0x03e00000, 0x068a0000, 0x068a0000)
  eden space 34944K,   0% used [0x03e00000, 0x03e00000, 0x06020000)
  from space 4352K,  56% used [0x06460000, 0x066c5578, 0x068a0000)
  to   space 4352K,   0% used [0x06020000, 0x06020000, 0x06460000)
 concurrent mark-sweep generation total 66668K, used 38624K [0x068a0000, 0x0a9bb000, 0x0be00000)
 concurrent-mark-sweep perm gen total 61864K, used 39468K [0x0be00000, 0x0fa6a000, 0x0fe00000)
}
Event: 116.241 GC heap before
{Heap before GC invocations=33 (full 7):
 par new generation   total 39296K, used 37397K [0x03e00000, 0x068a0000, 0x068a0000)
  eden space 34944K, 100% used [0x03e00000, 0x06020000, 0x06020000)
  from space 4352K,  56% used [0x06460000, 0x066c5578, 0x068a0000)
  to   space 4352K,   0% used [0x06020000, 0x06020000, 0x06460000)
 concurrent mark-sweep generation total 66668K, used 38624K [0x068a0000, 0x0a9bb000, 0x0be00000)
 concurrent-mark-sweep perm gen total 61864K, used 39679K [0x0be00000, 0x0fa6a000, 0x0fe00000)
Event: 116.264 GC heap after
Heap after GC invocations=34 (full 7):
 par new generation   total 39296K, used 4081K [0x03e00000, 0x068a0000, 0x068a0000)
  eden space 34944K,   0% used [0x03e00000, 0x03e00000, 0x06020000)
  from space 4352K,  93% used [0x06020000, 0x0641c688, 0x06460000)
  to   space 4352K,   0% used [0x06460000, 0x06460000, 0x068a0000)
 concurrent mark-sweep generation total 66668K, used 39027K [0x068a0000, 0x0a9bb000, 0x0be00000)
 concurrent-mark-sweep perm gen total 61864K, used 39679K [0x0be00000, 0x0fa6a000, 0x0fe00000)
}
Event: 667.038 GC heap before
{Heap before GC invocations=34 (full 7):
 par new generation   total 39296K, used 39025K [0x03e00000, 0x068a0000, 0x068a0000)
  eden space 34944K, 100% used [0x03e00000, 0x06020000, 0x06020000)
  from space 4352K,  93% used [0x06020000, 0x0641c688, 0x06460000)
  to   space 4352K,   0% used [0x06460000, 0x06460000, 0x068a0000)
 concurrent mark-sweep generation total 66668K, used 39027K [0x068a0000, 0x0a9bb000, 0x0be00000)
 concurrent-mark-sweep perm gen total 61864K, used 39680K [0x0be00000, 0x0fa6a000, 0x0fe00000)
Event: 667.048 GC heap after
Heap after GC invocations=35 (full 7):
 par new generation   total 39296K, used 2379K [0x03e00000, 0x068a0000, 0x068a0000)
  eden space 34944K,   0% used [0x03e00000, 0x03e00000, 0x06020000)
  from space 4352K,  54% used [0x06460000, 0x066b2d28, 0x068a0000)
  to   space 4352K,   0% used [0x06020000, 0x06020000, 0x06460000)
 concurrent mark-sweep generation total 66668K, used 40003K [0x068a0000, 0x0a9bb000, 0x0be00000)
 concurrent-mark-sweep perm gen total 61864K, used 39680K [0x0be00000, 0x0fa6a000, 0x0fe00000)
}
Event: 762.411 GC heap before
{Heap before GC invocations=35 (full 7):
 par new generation   total 39296K, used 37323K [0x03e00000, 0x068a0000, 0x068a0000)
  eden space 34944K, 100% used [0x03e00000, 0x06020000, 0x06020000)
  from space 4352K,  54% used [0x06460000, 0x066b2d28, 0x068a0000)
  to   space 4352K,   0% used [0x06020000, 0x06020000, 0x06460000)
 concurrent mark-sweep generation total 66668K, used 40003K [0x068a0000, 0x0a9bb000, 0x0be00000)
 concurrent-mark-sweep perm gen total 61864K, used 39682K [0x0be00000, 0x0fa6a000, 0x0fe00000)
Event: 762.425 GC heap after
Heap after GC invocations=36 (full 7):
 par new generation   total 39296K, used 4352K [0x03e00000, 0x068a0000, 0x068a0000)
  eden space 34944K,   0% used [0x03e00000, 0x03e00000, 0x06020000)
  from space 4352K, 100% used [0x06020000, 0x06460000, 0x06460000)
  to   space 4352K,   0% used [0x06460000, 0x06460000, 0x068a0000)
 concurrent mark-sweep generation total 66668K, used 40128K [0x068a0000, 0x0a9bb000, 0x0be00000)
 concurrent-mark-sweep perm gen total 61864K, used 39682K [0x0be00000, 0x0fa6a000, 0x0fe00000)
}
Event: 873.484 GC heap before
{Heap before GC invocations=36 (full 7):
 par new generation   total 39296K, used 39296K [0x03e00000, 0x068a0000, 0x068a0000)
  eden space 34944K, 100% used [0x03e00000, 0x06020000, 0x06020000)
  from space 4352K, 100% used [0x06020000, 0x06460000, 0x06460000)
  to   space 4352K,   0% used [0x06460000, 0x06460000, 0x068a0000)
 concurrent mark-sweep generation total 66668K, used 40128K [0x068a0000, 0x0a9bb000, 0x0be00000)
 concurrent-mark-sweep perm gen total 61864K, used 42943K [0x0be00000, 0x0fa6a000, 0x0fe00000)
Event: 873.497 GC heap after
Heap after GC invocations=37 (full 7):
 par new generation   total 39296K, used 3801K [0x03e00000, 0x068a0000, 0x068a0000)
  eden space 34944K,   0% used [0x03e00000, 0x03e00000, 0x06020000)
  from space 4352K,  87% used [0x06460000, 0x06816780, 0x068a0000)
  to   space 4352K,   0% used [0x06020000, 0x06020000, 0x06460000)
 concurrent mark-sweep generation total 66668K, used 40925K [0x068a0000, 0x0a9bb000, 0x0be00000)
 concurrent-mark-sweep perm gen total 61864K, used 42943K [0x0be00000, 0x0fa6a000, 0x0fe00000)
}

